<?xml version="1.0" encoding="UTF-8"?>
<!-- Generated by org.testng.reporters.JUnitXMLReporter -->
<testsuite ignored="2" hostname="a5472b16ad595d8" failures="1" tests="41" name="Test" time="0.851" errors="0" timestamp="2025-07-25T23:43:38 IST">
  <testcase classname="firstartifact.test" name="@BeforeMethod BeforeMethod" time="0.004">
    <failure type="java.lang.AssertionError" message="null">
      <![CDATA[java.lang.AssertionError: null
at firstartifact.test.BeforeMethod(test.java:32)
at java.base/java.util.ArrayList.forEach(ArrayList.java:1511)
... Removed 33 stack frames]]>
    </failure>
  </testcase> <!-- @BeforeMethod BeforeMethod -->
  <testcase classname="firstartifact.test" name="@AfterMethod AfterMethod" time="0.0">
    <skipped/>
  </testcase> <!-- @AfterMethod AfterMethod -->
  <testcase classname="firstartifact.test" name="@BeforeMethod BeforeMethod" time="0.001">
    <failure type="java.lang.AssertionError" message="null">
      <![CDATA[java.lang.AssertionError: null
at firstartifact.test.BeforeMethod(test.java:32)
at java.base/java.util.ArrayList.forEach(ArrayList.java:1511)
... Removed 33 stack frames]]>
    </failure>
  </testcase> <!-- @BeforeMethod BeforeMethod -->
  <testcase classname="firstartifact.test" name="@AfterMethod AfterMethod" time="0.0">
    <skipped/>
  </testcase> <!-- @AfterMethod AfterMethod -->
  <testcase classname="firstartifact.test" name="@BeforeMethod BeforeMethod" time="0.001">
    <failure type="java.lang.AssertionError" message="null">
      <![CDATA[java.lang.AssertionError: null
at firstartifact.test.BeforeMethod(test.java:32)
at java.base/java.util.ArrayList.forEach(ArrayList.java:1511)
... Removed 33 stack frames]]>
    </failure>
  </testcase> <!-- @BeforeMethod BeforeMethod -->
  <testcase classname="firstartifact.test" name="@AfterMethod AfterMethod" time="0.0">
    <skipped/>
  </testcase> <!-- @AfterMethod AfterMethod -->
  <testcase classname="firstartifact.test" name="@BeforeMethod BeforeMethod" time="0.001">
    <failure type="java.lang.AssertionError" message="null">
      <![CDATA[java.lang.AssertionError: null
at firstartifact.test.BeforeMethod(test.java:32)
at java.base/java.util.ArrayList.forEach(ArrayList.java:1511)
... Removed 33 stack frames]]>
    </failure>
  </testcase> <!-- @BeforeMethod BeforeMethod -->
  <testcase classname="firstartifact.test" name="@AfterMethod AfterMethod" time="0.0">
    <skipped/>
  </testcase> <!-- @AfterMethod AfterMethod -->
  <testcase classname="firstartifact.test" name="@BeforeMethod BeforeMethod" time="0.0">
    <failure type="java.lang.AssertionError" message="null">
      <![CDATA[java.lang.AssertionError: null
at firstartifact.test.BeforeMethod(test.java:32)
at java.base/java.util.ArrayList.forEach(ArrayList.java:1511)
... Removed 33 stack frames]]>
    </failure>
  </testcase> <!-- @BeforeMethod BeforeMethod -->
  <testcase classname="firstartifact.test" name="@AfterMethod AfterMethod" time="0.0">
    <skipped/>
  </testcase> <!-- @AfterMethod AfterMethod -->
  <testcase classname="firstartifact.test" name="@BeforeMethod BeforeMethod" time="0.001">
    <failure type="java.lang.AssertionError" message="null">
      <![CDATA[java.lang.AssertionError: null
at firstartifact.test.BeforeMethod(test.java:32)
at java.base/java.util.ArrayList.forEach(ArrayList.java:1511)
... Removed 33 stack frames]]>
    </failure>
  </testcase> <!-- @BeforeMethod BeforeMethod -->
  <testcase classname="firstartifact.test" name="@AfterMethod AfterMethod" time="0.0">
    <skipped/>
  </testcase> <!-- @AfterMethod AfterMethod -->
  <testcase classname="firstartifact.test" name="@AfterClass AfterClass" time="0.0">
    <skipped/>
  </testcase> <!-- @AfterClass AfterClass -->
  <testcase classname="firstartifact.test" name="@AfterTest AfterTest" time="0.0">
    <skipped/>
  </testcase> <!-- @AfterTest AfterTest -->
  <testcase classname="firstartifact.test2" name="add3" time="0.009"/>
  <testcase classname="firstartifact.test2" name="add4" time="0.006">
    <skipped/>
  </testcase> <!-- add4 -->
  <testcase classname="firstartifact.test2" name="add5" time="0.004"/>
  <testcase classname="firstartifact.test2" name="add6" time="0.004"/>
  <testcase classname="firstartifact.test" name="add1" time="0.0">
    <skipped/>
  </testcase> <!-- add1 -->
  <testcase classname="firstartifact.test" name="add4" time="0.0">
    <skipped/>
  </testcase> <!-- add4 -->
  <testcase classname="firstartifact.test" name="add2" time="0.0">
    <skipped/>
  </testcase> <!-- add2 -->
  <testcase classname="firstartifact.test" name="alwaystrue" time="0.0">
    <skipped/>
  </testcase> <!-- alwaystrue -->
  <testcase classname="firstartifact.test" name="BeforeMethod" time="0.0">
    <skipped/>
  </testcase> <!-- BeforeMethod -->
  <testcase classname="firstartifact.test" name="skipexception" time="0.0">
    <skipped/>
  </testcase> <!-- skipexception -->
  <testcase classname="firstartifact.Basetest" name="parentmethod" time="0.005"/>
  <testcase classname="firstartifact.Inheritancegroups" name="childmethod" time="0.004"/>
  <testcase classname="firstartifact.Basetest" name="parentmethod" time="0.003"/>
  <testcase classname="firstartifact.Assertionstest" name="arrayequal" time="0.003"/>
  <testcase classname="firstartifact.Assertionstest" name="assertchecktrueorfalse" time="0.004"/>
  <testcase classname="firstartifact.Assertionstest" name="checknullornot" time="0.002"/>
  <testcase classname="firstartifact.Assertionstest" name="sameornot" time="0.004"/>
  <testcase classname="firstartifact.Assertionstest" name="stringequals" time="0.003"/>
  <testcase classname="firstartifact.Dataprovidertest" name="login" time="0.005"/>
  <testcase classname="firstartifact.Dataprovidertest" name="login" time="0.003"/>
  <testcase classname="firstartifact.Dataprovidertest" name="login" time="0.002"/>
  <testcase classname="firstartifact.Dataprovidertest" name="login2" time="0.0">
    <failure type="org.testng.TestNGException" message="
Parameter &amp;apos;username&amp;apos; is required by @Test on method login2 but has not been marked @Optional or defined
in C:\Users\Administrator\eclipse-workspace\firstartifact\testng.xml">
      <![CDATA[org.testng.TestNGException: 
Parameter 'username' is required by @Test on method login2 but has not been marked @Optional or defined
in C:\Users\Administrator\eclipse-workspace\firstartifact\testng.xml
at java.base/java.util.ArrayList.forEach(ArrayList.java:1511)
... Removed 26 stack frames]]>
    </failure>
  </testcase> <!-- login2 -->
  <testcase classname="firstartifact.Dataprovidertest" name="mullogin" time="0.002"/>
  <testcase classname="firstartifact.Dataprovidertest" name="mullogin" time="0.002"/>
  <testcase classname="firstartifact.Dataprovidertest" name="mullogin" time="0.004"/>
  <testcase classname="firstartifact.Dataprovidertest" name="testexternaldata" time="0.005"/>
  <testcase classname="firstartifact.Dataprovidertest" name="testexternaldata" time="0.003"/>
  <testcase classname="firstartifact.Dataprovidertest" name="testexternaldata" time="0.002"/>
  <testcase classname="firstartifactlogs.log4j2usinglogger" name="log4jtest" time="0.013"/>
  <testcase classname="firstartifactlogs.log4j2usinglogger" name="parameterizedlog" time="0.002"/>
  <testcase classname="firstartifact.FactoryTest" name="testbrowser" time="0.002"/>
  <testcase classname="firstartifact.FactoryTest" name="testspecificfeature" time="0.002"/>
  <testcase classname="firstartifact.Csvfiledataprovider" name="checkingcsvfiledata" time="0.003"/>
  <testcase classname="firstartifact.Csvfiledataprovider" name="checkingcsvfiledata" time="0.001"/>
  <testcase classname="firstartifact.Csvfiledataprovider" name="checkingcsvfiledata" time="0.006"/>
  <testcase classname="firstartifact.Csvfiledataprovider" name="checkingcsvfiledata" time="0.004"/>
  <testcase classname="firstartifact.Csvfiledataprovider" name="checkingcsvfiledata" time="0.002"/>
  <testcase classname="firstartifact.Csvfiledataprovider" name="checkingcsvfiledata" time="0.001"/>
  <testcase classname="firstartifactlogs.Basiclogs" name="errstmt" time="0.003"/>
  <testcase classname="firstartifactlogs.Basiclogs" name="printstmt" time="0.009"/>
  <testcase classname="firstartifactlogs.Reporterlog" name="testingreporter" time="0.003"/>
  <testcase classname="firstartifact.test2" name="add1" time="0.0">
    <ignored/>
  </testcase> <!-- add1 -->
  <testcase classname="firstartifact.test" name="add3" time="0.0">
    <ignored/>
  </testcase> <!-- add3 -->
</testsuite> <!-- Test -->
